<?xml version="1.0" encoding="UTF-8"?>
<testng-results ignored="0" total="1" passed="1" failed="0" skipped="0">
  <reporter-output>
  </reporter-output>
  <suite started-at="2023-12-03T12:15:56 IST" name="Default Suite" finished-at="2023-12-03T12:16:35 IST" duration-ms="39719">
    <groups>
    </groups>
    <test started-at="2023-12-03T12:15:56 IST" name="webTest01" finished-at="2023-12-03T12:16:35 IST" duration-ms="39719">
      <class name="WEB.TC_01_Login">
        <test-method signature="VerifyTheSuccessLogin()[pri:0, instance:WEB.TC_01_Login@71c3b41]" started-at="2023-12-03T12:15:56 IST" name="VerifyTheSuccessLogin" finished-at="2023-12-03T12:16:35 IST" duration-ms="39459" status="PASS">
          <reporter-output>
          </reporter-output>
        </test-method> <!-- VerifyTheSuccessLogin -->
        <test-method is-config="true" signature="after()[pri:0, instance:WEB.TC_01_Login@71c3b41]" started-at="2023-12-03T12:16:35 IST" name="after" finished-at="2023-12-03T12:16:35 IST" duration-ms="125" status="PASS">
          <reporter-output>
          </reporter-output>
        </test-method> <!-- after -->
      </class> <!-- WEB.TC_01_Login -->
    </test> <!-- webTest01 -->
  </suite> <!-- Default Suite -->
</testng-results>
